==1676497== Memcheck, a memory error detector
==1676497== Copyright (C) 2002-2017, and GNU GPL'd, by Julian Seward et al.
==1676497== Using Valgrind-3.18.1 and LibVEX; rerun with -h for copyright info
==1676497== Command: ./cub3d Assets/maps/test_map.cub
==1676497== Parent PID: 1659370
==1676497== 
==1676497== 
==1676497== HEAP SUMMARY:
==1676497==     in use at exit: 924 bytes in 22 blocks
==1676497==   total heap usage: 1,077 allocs, 1,055 frees, 150,340 bytes allocated
==1676497== 
==1676497== LEAK SUMMARY:
==1676497==    definitely lost: 28 bytes in 14 blocks
==1676497==    indirectly lost: 0 bytes in 0 blocks
==1676497==      possibly lost: 0 bytes in 0 blocks
==1676497==    still reachable: 896 bytes in 8 blocks
==1676497==         suppressed: 0 bytes in 0 blocks
==1676497== Rerun with --leak-check=full to see details of leaked memory
==1676497== 
==1676497== For lists of detected and suppressed errors, rerun with: -s
==1676497== ERROR SUMMARY: 0 errors from 0 contexts (suppressed: 29 from 1)
